1565299907025	mozrunner::runner	INFO	Running command: "/usr/bin/firefox" "-marionette" "-foreground" "-no-remote" "-profile" "/tmp/rust_mozprofile.s6DjUkoiwMtf"
1565299908298	addons.webextension.screenshots@mozilla.org	WARN	Loading extension 'screenshots@mozilla.org': Reading manifest: Invalid extension permission: mozillaAddons
1565299908298	addons.webextension.screenshots@mozilla.org	WARN	Loading extension 'screenshots@mozilla.org': Reading manifest: Invalid extension permission: telemetry
1565299908298	addons.webextension.screenshots@mozilla.org	WARN	Loading extension 'screenshots@mozilla.org': Reading manifest: Invalid extension permission: resource://pdf.js/
1565299908299	addons.webextension.screenshots@mozilla.org	WARN	Loading extension 'screenshots@mozilla.org': Reading manifest: Invalid extension permission: about:reader*
1565299911784	Marionette	INFO	Listening on port 46345
1565299911841	Marionette	WARN	TLS certificate errors will be ignored for this session

(/usr/lib/firefox/firefox:12911): dconf-WARNING **: 00:34:30.420: Unable to open /var/lib/snapd/desktop/dconf/profile/user: Permission denied
JavaScript warning: resource:///modules/UrlbarView.jsm, line 123: Array.reduce is deprecated; use Array.prototype.reduce instead
console.error: BroadcastService: 
  receivedBroadcastMessage: handler for
  remote-settings/monitor_changes
  threw error:
  Message: Error: Polling for changes failed: http://%(server)s/dummy/blocklist//buckets/monitor/collections/changes/records?_expected=%221565222410127%22 is not a valid URL..
  Stack:
    remoteSettingsFunction/remoteSettings.pollChanges@resource://services-settings/remote-settings.js:201:13

1567709469031	mozrunner::runner	INFO	Running command: "/usr/bin/firefox" "-marionette" "-foreground" "-no-remote" "-profile" "/tmp/rust_mozprofile.p0aJAumZUtSI"
1567709469825	addons.webextension.screenshots@mozilla.org	WARN	Loading extension 'screenshots@mozilla.org': Reading manifest: Invalid extension permission: mozillaAddons
1567709469825	addons.webextension.screenshots@mozilla.org	WARN	Loading extension 'screenshots@mozilla.org': Reading manifest: Invalid extension permission: telemetry
1567709469826	addons.webextension.screenshots@mozilla.org	WARN	Loading extension 'screenshots@mozilla.org': Reading manifest: Invalid extension permission: resource://pdf.js/
1567709469826	addons.webextension.screenshots@mozilla.org	WARN	Loading extension 'screenshots@mozilla.org': Reading manifest: Invalid extension permission: about:reader*
1567709472884	Marionette	INFO	Listening on port 46767
1567709472950	Marionette	WARN	TLS certificate errors will be ignored for this session

(/usr/lib/firefox/firefox:3920): dconf-WARNING **: 21:51:44.780: Unable to open /var/lib/snapd/desktop/dconf/profile/user: Permission denied
JavaScript error: https://www.yad2.co.il/_nuxt/bfd1003b38bfa057abd9.js, line 2: Error: Loading chunk 1 failed.
(error: https://www.yad2.co.il/_nuxt/y2material.common.1.js)
1567709538720	Marionette	INFO	Stopped listening on port 46767
1567709542831	mozrunner::runner	INFO	Running command: "/usr/bin/firefox" "-marionette" "-foreground" "-no-remote" "-profile" "/tmp/rust_mozprofile.y8zykfVTDaa1"
1567709543636	addons.webextension.screenshots@mozilla.org	WARN	Loading extension 'screenshots@mozilla.org': Reading manifest: Invalid extension permission: mozillaAddons
1567709543637	addons.webextension.screenshots@mozilla.org	WARN	Loading extension 'screenshots@mozilla.org': Reading manifest: Invalid extension permission: telemetry
1567709543637	addons.webextension.screenshots@mozilla.org	WARN	Loading extension 'screenshots@mozilla.org': Reading manifest: Invalid extension permission: resource://pdf.js/
1567709543637	addons.webextension.screenshots@mozilla.org	WARN	Loading extension 'screenshots@mozilla.org': Reading manifest: Invalid extension permission: about:reader*
1567709546544	Marionette	INFO	Listening on port 43617
1567709546647	Marionette	WARN	TLS certificate errors will be ignored for this session
Marionette threw an error: TypeError: this.curBrowser.contentBrowser is null
GeckoDriver.prototype.get@chrome://marionette/content/driver.js:1140:3

JavaScript error: resource:///modules/ContentMetaHandler.jsm, line 162: NS_ERROR_ILLEGAL_VALUE: 
1567709556880	Marionette	INFO	Stopped listening on port 43617
1567709568951	mozrunner::runner	INFO	Running command: "/usr/bin/firefox" "-marionette" "-foreground" "-no-remote" "-profile" "/tmp/rust_mozprofile.1rMUoheUNery"
1567709569872	addons.webextension.screenshots@mozilla.org	WARN	Loading extension 'screenshots@mozilla.org': Reading manifest: Invalid extension permission: mozillaAddons
1567709569873	addons.webextension.screenshots@mozilla.org	WARN	Loading extension 'screenshots@mozilla.org': Reading manifest: Invalid extension permission: telemetry
1567709569873	addons.webextension.screenshots@mozilla.org	WARN	Loading extension 'screenshots@mozilla.org': Reading manifest: Invalid extension permission: resource://pdf.js/
1567709569873	addons.webextension.screenshots@mozilla.org	WARN	Loading extension 'screenshots@mozilla.org': Reading manifest: Invalid extension permission: about:reader*
1567709572997	Marionette	INFO	Listening on port 41121
1567709573068	Marionette	WARN	TLS certificate errors will be ignored for this session

(/usr/lib/firefox/firefox:4692): dconf-WARNING **: 21:52:55.288: Unable to open /var/lib/snapd/desktop/dconf/profile/user: Permission denied
JavaScript error: https://www.yad2.co.il/_nuxt/bfd1003b38bfa057abd9.js, line 2: Error: Loading CSS chunk 1 failed.
(https://www.yad2.co.il/_nuxt/css/1.dd8ccbaa.css)
1567710175827	Marionette	INFO	Stopped listening on port 41121
